[04 mai 2019 18:18:34] Building database metadata model
[04 mai 2019 18:18:34] Properties: {partialRefresh=false, processColumnsUsingSelect=, includePrimaryKeys=true, eventSocketClient=com.webratio.commons.net.EventSocketClient@2111e072, includeTables=true, username=tohovi, outputLogPath=D:\WebRatio\Workspace\Bokbutikk\.Temp~\DB.xml.log, readIndexes=null, driverClass=com.mysql.jdbc.Driver, includeSynonyms=true, metaDataProviderClass=com.webratio.commons.db.metadata.MySQLMetaDataProvider, outputPath=D:\WebRatio\Workspace\Bokbutikk\.Temp~\DB.xml, schemaRegex=null, readProcedures=null, includeViews=true, derby.system.home=D:\WebRatio\Workspace\.metadata\.plugins\com.webratio.commons.db\derby, url=jdbc:mysql://localhost:3306/bokbutikk, tableRegex=null, readSQLDefinitions=true, includeForeignKeys=false, retrieveAllNames=false, tablesToRefresh=, eventSocketPort=50552}
[04 mai 2019 18:18:34] URL: jdbc:mysql://localhost:3306/bokbutikk
[04 mai 2019 18:18:34] Product name: MySQL
[04 mai 2019 18:18:34] Product version: 8.0.15
[04 mai 2019 18:18:34] Driver name: MySQL Connector Java
[04 mai 2019 18:18:34] Driver version: mysql-connector-java-5.1.47 ( Revision: fe1903b1ecb4a96a917f7ed3190d80c049b1de29 )
[04 mai 2019 18:18:34] Driver major version: 5
[04 mai 2019 18:18:34] Driver minor version: 1
[04 mai 2019 18:18:34] Identifier quote string: 1
[04 mai 2019 18:18:34] Retrieving schemas
[04 mai 2019 18:18:34] Retrieving [TABLE, VIEW, SYNONYM] for schema ''
[04 mai 2019 18:18:34]   Found 'category' [type = TABLE]
[04 mai 2019 18:18:34]   Found 'creditcard' [type = TABLE]
[04 mai 2019 18:18:34]   Found 'customer' [type = TABLE]
[04 mai 2019 18:18:34]   Found 'group' [type = TABLE]
[04 mai 2019 18:18:34]   Found 'group_module' [type = TABLE]
[04 mai 2019 18:18:34]   Found 'module' [type = TABLE]
[04 mai 2019 18:18:34]   Found 'order' [type = TABLE]
[04 mai 2019 18:18:34]   Found 'product' [type = TABLE]
[04 mai 2019 18:18:34]   Found 'shoppingcart' [type = TABLE]
[04 mai 2019 18:18:34]   Found 'user' [type = TABLE]
[04 mai 2019 18:18:34]   Found 'user_group' [type = TABLE]
[04 mai 2019 18:18:34]   Found 'order_total_view' [type = VIEW]
[04 mai 2019 18:18:34]   Found 'shoppingcart_ordertotal_view' [type = VIEW]
[04 mai 2019 18:18:34] Retrieving columns for 'category' [type = TABLE]
[04 mai 2019 18:18:34]   Found column: categoryid [type = INT][SQL/XOPEN type = 4][size = 10][dec. digits = 0]
[04 mai 2019 18:18:34]   Found column: categoryname [type = VARCHAR][SQL/XOPEN type = 12][size = 255][dec. digits = 0]
[04 mai 2019 18:18:34] Retrieving primary keys for 'category' [type = TABLE]
[04 mai 2019 18:18:34]   Found primary key column: categoryid
[04 mai 2019 18:18:34] Retrieving columns for 'creditcard' [type = TABLE]
[04 mai 2019 18:18:34]   Found column: cardnumber [type = INT][SQL/XOPEN type = 4][size = 10][dec. digits = 0]
[04 mai 2019 18:18:34]   Found column: expirationdate [type = DATE][SQL/XOPEN type = 91][size = 10][dec. digits = 0]
[04 mai 2019 18:18:34]   Found column: customer_customerid [type = INT][SQL/XOPEN type = 4][size = 10][dec. digits = 0]
[04 mai 2019 18:18:34]   Found column: shoppingcart_cartid [type = INT][SQL/XOPEN type = 4][size = 10][dec. digits = 0]
[04 mai 2019 18:18:34] Retrieving primary keys for 'creditcard' [type = TABLE]
[04 mai 2019 18:18:34]   Found primary key column: cardnumber
[04 mai 2019 18:18:34] Retrieving columns for 'customer' [type = TABLE]
[04 mai 2019 18:18:34]   Found column: customerid [type = INT][SQL/XOPEN type = 4][size = 10][dec. digits = 0]
[04 mai 2019 18:18:34]   Found column: email [type = VARCHAR][SQL/XOPEN type = 12][size = 255][dec. digits = 0]
[04 mai 2019 18:18:34]   Found column: title [type = VARCHAR][SQL/XOPEN type = 12][size = 255][dec. digits = 0]
[04 mai 2019 18:18:34]   Found column: name [type = VARCHAR][SQL/XOPEN type = 12][size = 255][dec. digits = 0]
[04 mai 2019 18:18:34]   Found column: address [type = VARCHAR][SQL/XOPEN type = 12][size = 255][dec. digits = 0]
[04 mai 2019 18:18:34]   Found column: phone [type = VARCHAR][SQL/XOPEN type = 12][size = 255][dec. digits = 0]
[04 mai 2019 18:18:34] Retrieving primary keys for 'customer' [type = TABLE]
[04 mai 2019 18:18:34]   Found primary key column: customerid
[04 mai 2019 18:18:34] Retrieving columns for 'group' [type = TABLE]
[04 mai 2019 18:18:34]   Found column: oid [type = INT][SQL/XOPEN type = 4][size = 10][dec. digits = 0]
[04 mai 2019 18:18:34]   Found column: groupname [type = VARCHAR][SQL/XOPEN type = 12][size = 255][dec. digits = 0]
[04 mai 2019 18:18:34]   Found column: module_oid [type = INT][SQL/XOPEN type = 4][size = 10][dec. digits = 0]
[04 mai 2019 18:18:34] Retrieving primary keys for 'group' [type = TABLE]
[04 mai 2019 18:18:34]   Found primary key column: oid
[04 mai 2019 18:18:34] Retrieving columns for 'group_module' [type = TABLE]
[04 mai 2019 18:18:34]   Found column: group_oid [type = INT][SQL/XOPEN type = 4][size = 10][dec. digits = 0]
[04 mai 2019 18:18:34]   Found column: module_oid [type = INT][SQL/XOPEN type = 4][size = 10][dec. digits = 0]
[04 mai 2019 18:18:34] Retrieving primary keys for 'group_module' [type = TABLE]
[04 mai 2019 18:18:34]   Found primary key column: group_oid
[04 mai 2019 18:18:34]   Found primary key column: module_oid
[04 mai 2019 18:18:34] Retrieving columns for 'module' [type = TABLE]
[04 mai 2019 18:18:34]   Found column: oid [type = INT][SQL/XOPEN type = 4][size = 10][dec. digits = 0]
[04 mai 2019 18:18:34]   Found column: moduleid [type = VARCHAR][SQL/XOPEN type = 12][size = 255][dec. digits = 0]
[04 mai 2019 18:18:34]   Found column: modulename [type = VARCHAR][SQL/XOPEN type = 12][size = 255][dec. digits = 0]
[04 mai 2019 18:18:34] Retrieving primary keys for 'module' [type = TABLE]
[04 mai 2019 18:18:34]   Found primary key column: oid
[04 mai 2019 18:18:34] Retrieving columns for 'order' [type = TABLE]
[04 mai 2019 18:18:34]   Found column: productquantity [type = INT][SQL/XOPEN type = 4][size = 10][dec. digits = 0]
[04 mai 2019 18:18:34]   Found column: prisforenkeltprodukt [type = DOUBLE][SQL/XOPEN type = 8][size = 22][dec. digits = 0]
[04 mai 2019 18:18:34]   Found column: orderlineid [type = INT][SQL/XOPEN type = 4][size = 10][dec. digits = 0]
[04 mai 2019 18:18:34]   Found column: shoppingcart_cartid [type = INT][SQL/XOPEN type = 4][size = 10][dec. digits = 0]
[04 mai 2019 18:18:34]   Found column: product_productid [type = INT][SQL/XOPEN type = 4][size = 10][dec. digits = 0]
[04 mai 2019 18:18:34] Retrieving primary keys for 'order' [type = TABLE]
[04 mai 2019 18:18:34]   Found primary key column: orderlineid
[04 mai 2019 18:18:34] Retrieving columns for 'product' [type = TABLE]
[04 mai 2019 18:18:34]   Found column: productid [type = INT][SQL/XOPEN type = 4][size = 10][dec. digits = 0]
[04 mai 2019 18:18:34]   Found column: name [type = VARCHAR][SQL/XOPEN type = 12][size = 255][dec. digits = 0]
[04 mai 2019 18:18:34]   Found column: description [type = VARCHAR][SQL/XOPEN type = 12][size = 255][dec. digits = 0]
[04 mai 2019 18:18:34]   Found column: price [type = DOUBLE][SQL/XOPEN type = 8][size = 22][dec. digits = 0]
[04 mai 2019 18:18:34]   Found column: category_categoryid [type = INT][SQL/XOPEN type = 4][size = 10][dec. digits = 0]
[04 mai 2019 18:18:34] Retrieving primary keys for 'product' [type = TABLE]
[04 mai 2019 18:18:34]   Found primary key column: productid
[04 mai 2019 18:18:34] Retrieving columns for 'shoppingcart' [type = TABLE]
[04 mai 2019 18:18:34]   Found column: cartid [type = INT][SQL/XOPEN type = 4][size = 10][dec. digits = 0]
[04 mai 2019 18:18:34]   Found column: created [type = DATE][SQL/XOPEN type = 91][size = 10][dec. digits = 0]
[04 mai 2019 18:18:34]   Found column: customer_customerid [type = INT][SQL/XOPEN type = 4][size = 10][dec. digits = 0]
[04 mai 2019 18:18:34] Retrieving primary keys for 'shoppingcart' [type = TABLE]
[04 mai 2019 18:18:34]   Found primary key column: cartid
[04 mai 2019 18:18:34] Retrieving columns for 'user' [type = TABLE]
[04 mai 2019 18:18:34]   Found column: oid [type = INT][SQL/XOPEN type = 4][size = 10][dec. digits = 0]
[04 mai 2019 18:18:34]   Found column: username [type = VARCHAR][SQL/XOPEN type = 12][size = 255][dec. digits = 0]
[04 mai 2019 18:18:34]   Found column: password [type = VARCHAR][SQL/XOPEN type = 12][size = 255][dec. digits = 0]
[04 mai 2019 18:18:34]   Found column: email [type = VARCHAR][SQL/XOPEN type = 12][size = 255][dec. digits = 0]
[04 mai 2019 18:18:34]   Found column: group_oid [type = INT][SQL/XOPEN type = 4][size = 10][dec. digits = 0]
[04 mai 2019 18:18:34] Retrieving primary keys for 'user' [type = TABLE]
[04 mai 2019 18:18:34]   Found primary key column: oid
[04 mai 2019 18:18:34] Retrieving columns for 'user_group' [type = TABLE]
[04 mai 2019 18:18:34]   Found column: user_oid [type = INT][SQL/XOPEN type = 4][size = 10][dec. digits = 0]
[04 mai 2019 18:18:34]   Found column: group_oid [type = INT][SQL/XOPEN type = 4][size = 10][dec. digits = 0]
[04 mai 2019 18:18:34] Retrieving primary keys for 'user_group' [type = TABLE]
[04 mai 2019 18:18:34]   Found primary key column: user_oid
[04 mai 2019 18:18:34]   Found primary key column: group_oid
[04 mai 2019 18:18:34] Retrieving columns for 'order_total_view' [type = VIEW]
[04 mai 2019 18:18:34]   Found column: orderlineid [type = INT][SQL/XOPEN type = 4][size = 10][dec. digits = 0]
[04 mai 2019 18:18:34]   Found column: der_attr [type = DOUBLE][SQL/XOPEN type = 8][size = 22][dec. digits = 0]
[04 mai 2019 18:18:34] Retrieving primary keys for 'order_total_view' [type = VIEW]
[04 mai 2019 18:18:34] Retrieving columns for 'shoppingcart_ordertotal_view' [type = VIEW]
[04 mai 2019 18:18:34]   Found column: cartid [type = INT][SQL/XOPEN type = 4][size = 10][dec. digits = 0]
[04 mai 2019 18:18:34]   Found column: der_attr [type = DOUBLE][SQL/XOPEN type = 8][size = 22][dec. digits = 0]
[04 mai 2019 18:18:34] Retrieving primary keys for 'shoppingcart_ordertotal_view' [type = VIEW]
[04 mai 2019 18:18:34] Database metadata retrieved (144 ms)
[04 mai 2019 18:18:34] Retrieving auto-increment columns for 'category' [type = TABLE]
[04 mai 2019 18:18:34] Retrieving auto-increment columns for 'creditcard' [type = TABLE]
[04 mai 2019 18:18:34] Retrieving auto-increment columns for 'customer' [type = TABLE]
[04 mai 2019 18:18:34] Retrieving auto-increment columns for 'group' [type = TABLE]
[04 mai 2019 18:18:34] Retrieving auto-increment columns for 'group_module' [type = TABLE]
[04 mai 2019 18:18:34] Retrieving auto-increment columns for 'module' [type = TABLE]
[04 mai 2019 18:18:34] Retrieving auto-increment columns for 'order' [type = TABLE]
[04 mai 2019 18:18:34] Retrieving auto-increment columns for 'product' [type = TABLE]
[04 mai 2019 18:18:34] Retrieving auto-increment columns for 'shoppingcart' [type = TABLE]
[04 mai 2019 18:18:34] Retrieving auto-increment columns for 'user' [type = TABLE]
[04 mai 2019 18:18:34] Retrieving auto-increment columns for 'user_group' [type = TABLE]
[04 mai 2019 18:18:34] Retrieving auto-increment columns for 'order_total_view' [type = VIEW]
[04 mai 2019 18:18:34] Retrieving auto-increment columns for 'shoppingcart_ordertotal_view' [type = VIEW]
[04 mai 2019 18:18:34] Database connection closed
