[04 mai 2019 18:18:31] DEBUG Executing SQL script
[04 mai 2019 18:18:31] INFO ================================================================================
[04 mai 2019 18:18:31] INFO onError= 'stop'
[04 mai 2019 18:18:31] INFO autoCommit= 'false'
[04 mai 2019 18:18:31] INFO username= 'tohovi'
[04 mai 2019 18:18:31] INFO outputPath= 'D:\WebRatio\Workspace\Bokbutikk\.Temp~\UpdateSQL.xml'
[04 mai 2019 18:18:31] INFO outputLogPath= 'D:\WebRatio\Workspace\Bokbutikk\.Temp~\UpdateSQL.xml.log'
[04 mai 2019 18:18:31] INFO encoding= ''
[04 mai 2019 18:18:31] INFO driverClass= 'com.mysql.jdbc.Driver'
[04 mai 2019 18:18:31] INFO sqlScript= 'D:\WebRatio\Workspace\Bokbutikk\.Temp~\UpdateSQL.sql'
[04 mai 2019 18:18:31] INFO eventSocketPort= '50549'
[04 mai 2019 18:18:31] INFO statementSeparator= ';'
[04 mai 2019 18:18:31] INFO derby.system.home= 'D:\WebRatio\Workspace\.metadata\.plugins\com.webratio.commons.db\derby'
[04 mai 2019 18:18:31] INFO password= 'aufe8266'
[04 mai 2019 18:18:31] INFO url= 'jdbc:mysql://localhost:3306/bokbutikk'
[04 mai 2019 18:18:31] INFO ================================================================================
[04 mai 2019 18:18:31] INFO Connecting to the Database...
[04 mai 2019 18:18:32] INFO Database connection estabilished
[04 mai 2019 18:18:32] INFO transaction isolation: 4
[04 mai 2019 18:18:32] DEBUG ================================================================================
[04 mai 2019 18:18:32] DEBUG Executing SQL script file: D:\WebRatio\Workspace\Bokbutikk\.Temp~\UpdateSQL.sql
[04 mai 2019 18:18:32] DEBUG Executing statement:  create table `group` ( `oid`  integer  not null, `groupname`  varchar(255), primary key (`oid`) )
[04 mai 2019 18:18:32] DEBUG Executing statement:    create table `module` ( `oid`  integer  not null, `moduleid`  varchar(255), `modulename`  varchar(255), primary key (`oid`) )
[04 mai 2019 18:18:32] DEBUG Executing statement:    create table `user` ( `oid`  integer  not null, `username`  varchar(255), `password`  varchar(255), `email`  varchar(255), primary key (`oid`) )
[04 mai 2019 18:18:32] DEBUG Executing statement:    create table `customer` ( `customerid`  integer  not null, `email`  varchar(255), `title`  varchar(255), `name`  varchar(255), `address`  varchar(255), `phone`  varchar(255), primary key (`customerid`) )
[04 mai 2019 18:18:32] DEBUG Executing statement:    create table `shoppingcart` ( `cartid`  integer  not null, `created`  date, primary key (`cartid`) )
[04 mai 2019 18:18:32] DEBUG Executing statement:    create table `order` ( `productquantity`  integer, `prisforenkeltprodukt`  double precision, `orderlineid`  integer  not null, primary key (`orderlineid`) )
[04 mai 2019 18:18:32] DEBUG Executing statement:    create table `product` ( `productid`  integer  not null, `name`  varchar(255), `description`  varchar(255), `price`  double precision, primary key (`productid`) )
[04 mai 2019 18:18:32] DEBUG Executing statement:    create table `creditcard` ( `cardnumber`  integer  not null, `expirationdate`  date, primary key (`cardnumber`) )
[04 mai 2019 18:18:32] DEBUG Executing statement:    create table `category` ( `categoryid`  integer  not null, `categoryname`  varchar(255), primary key (`categoryid`) )
[04 mai 2019 18:18:32] DEBUG Executing statement:    alter table `group`  add column  `module_oid`  integer
[04 mai 2019 18:18:32] DEBUG Executing statement:  alter table `group`   add index fk_group_module (`module_oid`), add constraint fk_group_module foreign key (`module_oid`) references `module` (`oid`)
[04 mai 2019 18:18:32] DEBUG Executing statement:    create table `group_module` ( `group_oid`  integer not null, `module_oid`  integer not null, primary key (`group_oid`, `module_oid`) )
[04 mai 2019 18:18:32] DEBUG Executing statement:  alter table `group_module`   add index fk_group_module_group (`group_oid`), add constraint fk_group_module_group foreign key (`group_oid`) references `group` (`oid`)
[04 mai 2019 18:18:32] DEBUG Executing statement:  alter table `group_module`   add index fk_group_module_module (`module_oid`), add constraint fk_group_module_module foreign key (`module_oid`) references `module` (`oid`)
[04 mai 2019 18:18:32] DEBUG Executing statement:    alter table `user`  add column  `group_oid`  integer
[04 mai 2019 18:18:32] DEBUG Executing statement:  alter table `user`   add index fk_user_group (`group_oid`), add constraint fk_user_group foreign key (`group_oid`) references `group` (`oid`)
[04 mai 2019 18:18:32] DEBUG Executing statement:    create table `user_group` ( `user_oid`  integer not null, `group_oid`  integer not null, primary key (`user_oid`, `group_oid`) )
[04 mai 2019 18:18:32] DEBUG Executing statement:  alter table `user_group`   add index fk_user_group_user (`user_oid`), add constraint fk_user_group_user foreign key (`user_oid`) references `user` (`oid`)
[04 mai 2019 18:18:32] DEBUG Executing statement:  alter table `user_group`   add index fk_user_group_group (`group_oid`), add constraint fk_user_group_group foreign key (`group_oid`) references `group` (`oid`)
[04 mai 2019 18:18:32] DEBUG Executing statement:    alter table `shoppingcart`  add column  `customer_customerid`  integer
[04 mai 2019 18:18:32] DEBUG Executing statement:  alter table `shoppingcart`   add index fk_shoppingcart_customer (`customer_customerid`), add constraint fk_shoppingcart_customer foreign key (`customer_customerid`) references `customer` (`customerid`)
[04 mai 2019 18:18:32] DEBUG Executing statement:    alter table `creditcard`  add column  `customer_customerid`  integer
[04 mai 2019 18:18:32] DEBUG Executing statement:  alter table `creditcard`   add index fk_creditcard_customer (`customer_customerid`), add constraint fk_creditcard_customer foreign key (`customer_customerid`) references `customer` (`customerid`)
[04 mai 2019 18:18:33] DEBUG Executing statement:    alter table `order`  add column  `shoppingcart_cartid`  integer
[04 mai 2019 18:18:33] DEBUG Executing statement:  alter table `order`   add index fk_order_shoppingcart (`shoppingcart_cartid`), add constraint fk_order_shoppingcart foreign key (`shoppingcart_cartid`) references `shoppingcart` (`cartid`)
[04 mai 2019 18:18:33] DEBUG Executing statement:    alter table `order`  add column  `product_productid`  integer
[04 mai 2019 18:18:33] DEBUG Executing statement:  alter table `order`   add index fk_order_product (`product_productid`), add constraint fk_order_product foreign key (`product_productid`) references `product` (`productid`)
[04 mai 2019 18:18:33] DEBUG Executing statement:    alter table `creditcard`  add column  `shoppingcart_cartid`  integer
[04 mai 2019 18:18:33] DEBUG Executing statement:  alter table `creditcard`   add index fk_creditcard_shoppingcart (`shoppingcart_cartid`), add constraint fk_creditcard_shoppingcart foreign key (`shoppingcart_cartid`) references `shoppingcart` (`cartid`)
[04 mai 2019 18:18:33] DEBUG Executing statement:    alter table `product`  add column  `category_categoryid`  integer
[04 mai 2019 18:18:33] DEBUG Executing statement:  alter table `product`   add index fk_product_category (`category_categoryid`), add constraint fk_product_category foreign key (`category_categoryid`) references `category` (`categoryid`)
[04 mai 2019 18:18:33] DEBUG Executing statement:    create view `order_total_view` as select AL1.`orderlineid` as `orderlineid`, AL1.`productquantity` * AL1.`prisforenkeltprodukt` as `der_attr` from  `order` AL1 
[04 mai 2019 18:18:33] DEBUG Executing statement:    create view `shoppingcart_ordertotal_view` as select AL1.`cartid` as `cartid`, sum(AL3.`der_attr`) as `der_attr` from  `shoppingcart` AL1 left outer join `order` AL2 on AL1.`cartid`=AL2.`shoppingcart_cartid` left outer join `order_total_view` AL3 on AL2.`orderlineid`=AL3.`orderlineid` group by AL1.`cartid`
[04 mai 2019 18:18:33] DEBUG ================================================================================
[04 mai 2019 18:18:33] DEBUG SQL SCRIPT SUCCESSFULLY EXECUTED
[04 mai 2019 18:18:33] INFO Database connection closed
[04 mai 2019 18:18:33] DEBUG Total time: 1727 milliseconds
